{"/Users/alfred/Desktop/dvp/chaos-hooks/src/index.ts": {"path":"/Users/alfred/Desktop/dvp/chaos-hooks/src/index.ts","statementMap":{},"fnMap":{},"branchMap":{},"s":{},"f":{},"b":{},"hash":"607220c1be9747ee98208631ce218a45d49df5a1"}
,"/Users/alfred/Desktop/dvp/chaos-hooks/src/logger.ts": {"path":"/Users/alfred/Desktop/dvp/chaos-hooks/src/logger.ts","statementMap":{"0":{"start":{"line":9,"column":21},"end":{"line":12,"column":1}},"1":{"start":{"line":14,"column":28},"end":{"line":16,"column":1}},"2":{"start":{"line":15,"column":2},"end":{"line":15,"column":31}},"3":{"start":{"line":18,"column":25},"end":{"line":20,"column":1}},"4":{"start":{"line":19,"column":2},"end":{"line":19,"column":18}},"5":{"start":{"line":22,"column":19},"end":{"line":24,"column":1}},"6":{"start":{"line":23,"column":2},"end":{"line":23,"column":36}},"7":{"start":{"line":26,"column":23},"end":{"line":28,"column":1}},"8":{"start":{"line":27,"column":2},"end":{"line":27,"column":44}},"9":{"start":{"line":30,"column":20},"end":{"line":32,"column":1}},"10":{"start":{"line":31,"column":2},"end":{"line":31,"column":38}}},"fnMap":{"0":{"name":"(anonymous_0)","decl":{"start":{"line":14,"column":28},"end":{"line":14,"column":29}},"loc":{"start":{"line":14,"column":49},"end":{"line":16,"column":1}},"line":14},"1":{"name":"(anonymous_1)","decl":{"start":{"line":18,"column":25},"end":{"line":18,"column":26}},"loc":{"start":{"line":18,"column":45},"end":{"line":20,"column":1}},"line":18},"2":{"name":"(anonymous_2)","decl":{"start":{"line":22,"column":19},"end":{"line":22,"column":20}},"loc":{"start":{"line":22,"column":39},"end":{"line":24,"column":1}},"line":22},"3":{"name":"(anonymous_3)","decl":{"start":{"line":26,"column":23},"end":{"line":26,"column":24}},"loc":{"start":{"line":26,"column":43},"end":{"line":28,"column":1}},"line":26},"4":{"name":"(anonymous_4)","decl":{"start":{"line":30,"column":20},"end":{"line":30,"column":21}},"loc":{"start":{"line":30,"column":40},"end":{"line":32,"column":1}},"line":30}},"branchMap":{"0":{"loc":{"start":{"line":23,"column":2},"end":{"line":23,"column":35}},"type":"binary-expr","locations":[{"start":{"line":23,"column":2},"end":{"line":23,"column":12}},{"start":{"line":23,"column":16},"end":{"line":23,"column":35}}],"line":23},"1":{"loc":{"start":{"line":27,"column":2},"end":{"line":27,"column":43}},"type":"binary-expr","locations":[{"start":{"line":27,"column":2},"end":{"line":27,"column":16}},{"start":{"line":27,"column":20},"end":{"line":27,"column":43}}],"line":27},"2":{"loc":{"start":{"line":31,"column":2},"end":{"line":31,"column":37}},"type":"binary-expr","locations":[{"start":{"line":31,"column":2},"end":{"line":31,"column":13}},{"start":{"line":31,"column":17},"end":{"line":31,"column":37}}],"line":31}},"s":{"0":0,"1":0,"2":0,"3":0,"4":0,"5":0,"6":0,"7":0,"8":0,"9":0,"10":0},"f":{"0":0,"1":0,"2":0,"3":0,"4":0},"b":{"0":[0,0],"1":[0,0],"2":[0,0]},"hash":"ba38057068bda8758309989f3bdd9b4f8906615c"}
,"/Users/alfred/Desktop/dvp/chaos-hooks/src/useFetch/index.ts": {"path":"/Users/alfred/Desktop/dvp/chaos-hooks/src/useFetch/index.ts","statementMap":{"0":{"start":{"line":4,"column":17},"end":{"line":27,"column":1}},"1":{"start":{"line":7,"column":6},"end":{"line":7,"column":30}},"2":{"start":{"line":9,"column":32},"end":{"line":9,"column":56}},"3":{"start":{"line":10,"column":26},"end":{"line":10,"column":36}},"4":{"start":{"line":12,"column":16},"end":{"line":18,"column":3}},"5":{"start":{"line":13,"column":4},"end":{"line":13,"column":21}},"6":{"start":{"line":14,"column":4},"end":{"line":17,"column":6}},"7":{"start":{"line":15,"column":6},"end":{"line":15,"column":24}},"8":{"start":{"line":16,"column":6},"end":{"line":16,"column":19}},"9":{"start":{"line":20,"column":2},"end":{"line":20,"column":23}},"10":{"start":{"line":20,"column":15},"end":{"line":20,"column":23}},"11":{"start":{"line":22,"column":2},"end":{"line":26,"column":3}}},"fnMap":{"0":{"name":"(anonymous_0)","decl":{"start":{"line":4,"column":17},"end":{"line":4,"column":18}},"loc":{"start":{"line":4,"column":83},"end":{"line":27,"column":1}},"line":4},"1":{"name":"(anonymous_1)","decl":{"start":{"line":12,"column":16},"end":{"line":12,"column":17}},"loc":{"start":{"line":12,"column":36},"end":{"line":18,"column":3}},"line":12},"2":{"name":"(anonymous_2)","decl":{"start":{"line":14,"column":33},"end":{"line":14,"column":34}},"loc":{"start":{"line":14,"column":47},"end":{"line":17,"column":5}},"line":14}},"branchMap":{"0":{"loc":{"start":{"line":7,"column":6},"end":{"line":7,"column":30}},"type":"binary-expr","locations":[{"start":{"line":7,"column":6},"end":{"line":7,"column":13}},{"start":{"line":7,"column":17},"end":{"line":7,"column":30}}],"line":7},"1":{"loc":{"start":{"line":20,"column":2},"end":{"line":20,"column":23}},"type":"if","locations":[{"start":{"line":20,"column":2},"end":{"line":20,"column":23}},{"start":{"line":20,"column":2},"end":{"line":20,"column":23}}],"line":20}},"s":{"0":0,"1":0,"2":0,"3":0,"4":0,"5":0,"6":0,"7":0,"8":0,"9":0,"10":0,"11":0},"f":{"0":0,"1":0,"2":0},"b":{"0":[0,0],"1":[0,0]},"hash":"7c05f9e42861971215a640fff0482f7fa2d7fc65"}
,"/Users/alfred/Desktop/dvp/chaos-hooks/src/useFetch/types.ts": {"path":"/Users/alfred/Desktop/dvp/chaos-hooks/src/useFetch/types.ts","statementMap":{},"fnMap":{},"branchMap":{},"s":{},"f":{},"b":{},"hash":"3886f4a0c937a3cf3d811225f2829be2cf087ad3"}
,"/Users/alfred/Desktop/dvp/chaos-hooks/src/useForm/index.tsx": {"path":"/Users/alfred/Desktop/dvp/chaos-hooks/src/useForm/index.tsx","statementMap":{"0":{"start":{"line":8,"column":21},"end":{"line":20,"column":1}},"1":{"start":{"line":15,"column":2},"end":{"line":17,"column":9}},"2":{"start":{"line":16,"column":4},"end":{"line":16,"column":35}},"3":{"start":{"line":16,"column":17},"end":{"line":16,"column":34}},"4":{"start":{"line":19,"column":2},"end":{"line":19,"column":18}},"5":{"start":{"line":22,"column":16},"end":{"line":443,"column":1}},"6":{"start":{"line":23,"column":29},"end":{"line":23,"column":53}},"7":{"start":{"line":25,"column":21},"end":{"line":25,"column":62}},"8":{"start":{"line":26,"column":20},"end":{"line":26,"column":55}},"9":{"start":{"line":27,"column":24},"end":{"line":27,"column":63}},"10":{"start":{"line":28,"column":30},"end":{"line":28,"column":50}},"11":{"start":{"line":29,"column":30},"end":{"line":29,"column":50}},"12":{"start":{"line":30,"column":40},"end":{"line":30,"column":64}},"13":{"start":{"line":36,"column":2},"end":{"line":44,"column":20}},"14":{"start":{"line":37,"column":4},"end":{"line":43,"column":5}},"15":{"start":{"line":38,"column":24},"end":{"line":38,"column":40}},"16":{"start":{"line":39,"column":24},"end":{"line":39,"column":40}},"17":{"start":{"line":40,"column":6},"end":{"line":40,"column":27}},"18":{"start":{"line":41,"column":6},"end":{"line":41,"column":27}},"19":{"start":{"line":42,"column":6},"end":{"line":42,"column":50}},"20":{"start":{"line":51,"column":24},"end":{"line":57,"column":18}},"21":{"start":{"line":52,"column":4},"end":{"line":52,"column":29}},"22":{"start":{"line":54,"column":4},"end":{"line":56,"column":6}},"23":{"start":{"line":55,"column":6},"end":{"line":55,"column":28}},"24":{"start":{"line":64,"column":26},"end":{"line":67,"column":18}},"25":{"start":{"line":65,"column":4},"end":{"line":65,"column":25}},"26":{"start":{"line":66,"column":4},"end":{"line":66,"column":36}},"27":{"start":{"line":73,"column":24},"end":{"line":75,"column":18}},"28":{"start":{"line":74,"column":4},"end":{"line":74,"column":59}},"29":{"start":{"line":83,"column":23},"end":{"line":91,"column":18}},"30":{"start":{"line":84,"column":4},"end":{"line":90,"column":5}},"31":{"start":{"line":85,"column":6},"end":{"line":85,"column":43}},"32":{"start":{"line":86,"column":11},"end":{"line":90,"column":5}},"33":{"start":{"line":87,"column":6},"end":{"line":87,"column":69}},"34":{"start":{"line":87,"column":39},"end":{"line":87,"column":69}},"35":{"start":{"line":88,"column":30},"end":{"line":88,"column":54}},"36":{"start":{"line":89,"column":6},"end":{"line":89,"column":24}},"37":{"start":{"line":98,"column":23},"end":{"line":113,"column":18}},"38":{"start":{"line":99,"column":17},"end":{"line":99,"column":41}},"39":{"start":{"line":100,"column":4},"end":{"line":103,"column":5}},"40":{"start":{"line":101,"column":6},"end":{"line":101,"column":32}},"41":{"start":{"line":101,"column":15},"end":{"line":101,"column":32}},"42":{"start":{"line":102,"column":6},"end":{"line":102,"column":18}},"43":{"start":{"line":106,"column":27},"end":{"line":106,"column":29}},"44":{"start":{"line":107,"column":4},"end":{"line":109,"column":7}},"45":{"start":{"line":108,"column":6},"end":{"line":108,"column":68}},"46":{"start":{"line":110,"column":22},"end":{"line":110,"column":47}},"47":{"start":{"line":111,"column":4},"end":{"line":111,"column":35}},"48":{"start":{"line":111,"column":13},"end":{"line":111,"column":35}},"49":{"start":{"line":112,"column":4},"end":{"line":112,"column":21}},"50":{"start":{"line":119,"column":20},"end":{"line":169,"column":34}},"51":{"start":{"line":120,"column":23},"end":{"line":120,"column":43}},"52":{"start":{"line":121,"column":27},"end":{"line":121,"column":43}},"53":{"start":{"line":122,"column":25},"end":{"line":122,"column":27}},"54":{"start":{"line":123,"column":48},"end":{"line":123,"column":85}},"55":{"start":{"line":125,"column":4},"end":{"line":132,"column":7}},"56":{"start":{"line":126,"column":6},"end":{"line":126,"column":52}},"57":{"start":{"line":126,"column":17},"end":{"line":126,"column":52}},"58":{"start":{"line":127,"column":6},"end":{"line":127,"column":48}},"59":{"start":{"line":128,"column":6},"end":{"line":131,"column":7}},"60":{"start":{"line":129,"column":30},"end":{"line":129,"column":65}},"61":{"start":{"line":130,"column":8},"end":{"line":130,"column":69}},"62":{"start":{"line":130,"column":27},"end":{"line":130,"column":69}},"63":{"start":{"line":134,"column":4},"end":{"line":168,"column":7}},"64":{"start":{"line":135,"column":6},"end":{"line":167,"column":8}},"65":{"start":{"line":139,"column":10},"end":{"line":165,"column":11}},"66":{"start":{"line":140,"column":25},"end":{"line":140,"column":36}},"67":{"start":{"line":141,"column":12},"end":{"line":143,"column":15}},"68":{"start":{"line":142,"column":14},"end":{"line":142,"column":41}},"69":{"start":{"line":144,"column":12},"end":{"line":144,"column":28}},"70":{"start":{"line":145,"column":12},"end":{"line":145,"column":28}},"71":{"start":{"line":147,"column":54},"end":{"line":147,"column":56}},"72":{"start":{"line":148,"column":12},"end":{"line":151,"column":15}},"73":{"start":{"line":149,"column":14},"end":{"line":150,"column":45}},"74":{"start":{"line":149,"column":32},"end":{"line":149,"column":56}},"75":{"start":{"line":150,"column":19},"end":{"line":150,"column":45}},"76":{"start":{"line":153,"column":30},"end":{"line":153,"column":43}},"77":{"start":{"line":154,"column":12},"end":{"line":157,"column":15}},"78":{"start":{"line":155,"column":14},"end":{"line":156,"column":51}},"79":{"start":{"line":155,"column":30},"end":{"line":155,"column":63}},"80":{"start":{"line":156,"column":19},"end":{"line":156,"column":51}},"81":{"start":{"line":159,"column":12},"end":{"line":159,"column":33}},"82":{"start":{"line":161,"column":12},"end":{"line":164,"column":15}},"83":{"start":{"line":175,"column":25},"end":{"line":184,"column":34}},"84":{"start":{"line":176,"column":27},"end":{"line":176,"column":29}},"85":{"start":{"line":177,"column":4},"end":{"line":181,"column":5}},"86":{"start":{"line":178,"column":6},"end":{"line":180,"column":9}},"87":{"start":{"line":179,"column":8},"end":{"line":179,"column":43}},"88":{"start":{"line":183,"column":4},"end":{"line":183,"column":72}},"89":{"start":{"line":191,"column":24},"end":{"line":195,"column":34}},"90":{"start":{"line":192,"column":4},"end":{"line":194,"column":7}},"91":{"start":{"line":202,"column":28},"end":{"line":252,"column":37}},"92":{"start":{"line":203,"column":4},"end":{"line":203,"column":30}},"93":{"start":{"line":210,"column":8},"end":{"line":210,"column":12}},"94":{"start":{"line":212,"column":4},"end":{"line":251,"column":5}},"95":{"start":{"line":213,"column":24},"end":{"line":213,"column":34}},"96":{"start":{"line":214,"column":20},"end":{"line":214,"column":39}},"97":{"start":{"line":215,"column":27},"end":{"line":215,"column":53}},"98":{"start":{"line":217,"column":20},"end":{"line":226,"column":7}},"99":{"start":{"line":222,"column":10},"end":{"line":222,"column":60}},"100":{"start":{"line":223,"column":24},"end":{"line":223,"column":80}},"101":{"start":{"line":224,"column":10},"end":{"line":224,"column":43}},"102":{"start":{"line":228,"column":27},"end":{"line":228,"column":49}},"103":{"start":{"line":229,"column":6},"end":{"line":233,"column":8}},"104":{"start":{"line":230,"column":8},"end":{"line":230,"column":46}},"105":{"start":{"line":231,"column":22},"end":{"line":231,"column":78}},"106":{"start":{"line":232,"column":8},"end":{"line":232,"column":35}},"107":{"start":{"line":235,"column":22},"end":{"line":241,"column":7}},"108":{"start":{"line":236,"column":8},"end":{"line":238,"column":9}},"109":{"start":{"line":237,"column":10},"end":{"line":237,"column":29}},"110":{"start":{"line":240,"column":8},"end":{"line":240,"column":31}},"111":{"start":{"line":242,"column":6},"end":{"line":242,"column":26}},"112":{"start":{"line":244,"column":6},"end":{"line":250,"column":8}},"113":{"start":{"line":246,"column":35},"end":{"line":246,"column":56}},"114":{"start":{"line":259,"column":22},"end":{"line":265,"column":17}},"115":{"start":{"line":260,"column":4},"end":{"line":264,"column":5}},"116":{"start":{"line":261,"column":6},"end":{"line":261,"column":36}},"117":{"start":{"line":263,"column":6},"end":{"line":263,"column":37}},"118":{"start":{"line":271,"column":22},"end":{"line":273,"column":17}},"119":{"start":{"line":272,"column":4},"end":{"line":272,"column":35}},"120":{"start":{"line":279,"column":25},"end":{"line":281,"column":21}},"121":{"start":{"line":280,"column":4},"end":{"line":280,"column":46}},"122":{"start":{"line":286,"column":26},"end":{"line":290,"column":21}},"123":{"start":{"line":287,"column":4},"end":{"line":289,"column":7}},"124":{"start":{"line":288,"column":6},"end":{"line":288,"column":48}},"125":{"start":{"line":295,"column":25},"end":{"line":302,"column":26}},"126":{"start":{"line":296,"column":27},"end":{"line":296,"column":29}},"127":{"start":{"line":297,"column":18},"end":{"line":297,"column":33}},"128":{"start":{"line":298,"column":4},"end":{"line":300,"column":7}},"129":{"start":{"line":299,"column":6},"end":{"line":299,"column":45}},"130":{"start":{"line":301,"column":4},"end":{"line":301,"column":18}},"131":{"start":{"line":308,"column":24},"end":{"line":314,"column":27}},"132":{"start":{"line":309,"column":22},"end":{"line":309,"column":40}},"133":{"start":{"line":310,"column":4},"end":{"line":310,"column":27}},"134":{"start":{"line":310,"column":20},"end":{"line":310,"column":27}},"135":{"start":{"line":311,"column":30},"end":{"line":311,"column":56}},"136":{"start":{"line":312,"column":23},"end":{"line":312,"column":40}},"137":{"start":{"line":313,"column":4},"end":{"line":313,"column":65}},"138":{"start":{"line":319,"column":32},"end":{"line":326,"column":18}},"139":{"start":{"line":320,"column":34},"end":{"line":320,"column":36}},"140":{"start":{"line":321,"column":4},"end":{"line":323,"column":7}},"141":{"start":{"line":322,"column":6},"end":{"line":322,"column":67}},"142":{"start":{"line":325,"column":4},"end":{"line":325,"column":25}},"143":{"start":{"line":332,"column":31},"end":{"line":335,"column":18}},"144":{"start":{"line":333,"column":26},"end":{"line":333,"column":49}},"145":{"start":{"line":334,"column":4},"end":{"line":334,"column":36}},"146":{"start":{"line":340,"column":25},"end":{"line":347,"column":26}},"147":{"start":{"line":341,"column":25},"end":{"line":341,"column":27}},"148":{"start":{"line":342,"column":18},"end":{"line":342,"column":33}},"149":{"start":{"line":343,"column":4},"end":{"line":345,"column":6}},"150":{"start":{"line":344,"column":6},"end":{"line":344,"column":41}},"151":{"start":{"line":346,"column":4},"end":{"line":346,"column":16}},"152":{"start":{"line":353,"column":24},"end":{"line":357,"column":26}},"153":{"start":{"line":354,"column":22},"end":{"line":354,"column":40}},"154":{"start":{"line":355,"column":4},"end":{"line":355,"column":27}},"155":{"start":{"line":355,"column":20},"end":{"line":355,"column":27}},"156":{"start":{"line":356,"column":4},"end":{"line":356,"column":29}},"157":{"start":{"line":365,"column":24},"end":{"line":374,"column":41}},"158":{"start":{"line":366,"column":4},"end":{"line":368,"column":5}},"159":{"start":{"line":367,"column":6},"end":{"line":367,"column":45}},"160":{"start":{"line":370,"column":19},"end":{"line":370,"column":35}},"161":{"start":{"line":371,"column":4},"end":{"line":371,"column":29}},"162":{"start":{"line":372,"column":4},"end":{"line":372,"column":22}},"163":{"start":{"line":373,"column":4},"end":{"line":373,"column":45}},"164":{"start":{"line":380,"column":25},"end":{"line":393,"column":41}},"165":{"start":{"line":381,"column":4},"end":{"line":385,"column":7}},"166":{"start":{"line":382,"column":6},"end":{"line":384,"column":7}},"167":{"start":{"line":383,"column":8},"end":{"line":383,"column":47}},"168":{"start":{"line":387,"column":19},"end":{"line":390,"column":5}},"169":{"start":{"line":391,"column":4},"end":{"line":391,"column":22}},"170":{"start":{"line":392,"column":4},"end":{"line":392,"column":45}},"171":{"start":{"line":398,"column":22},"end":{"line":408,"column":18}},"172":{"start":{"line":399,"column":27},"end":{"line":399,"column":30}},"173":{"start":{"line":401,"column":4},"end":{"line":403,"column":7}},"174":{"start":{"line":402,"column":6},"end":{"line":402,"column":48}},"175":{"start":{"line":405,"column":4},"end":{"line":405,"column":31}},"176":{"start":{"line":406,"column":4},"end":{"line":406,"column":22}},"177":{"start":{"line":407,"column":4},"end":{"line":407,"column":18}},"178":{"start":{"line":413,"column":24},"end":{"line":420,"column":26}},"179":{"start":{"line":414,"column":19},"end":{"line":414,"column":35}},"180":{"start":{"line":415,"column":4},"end":{"line":419,"column":7}},"181":{"start":{"line":416,"column":27},"end":{"line":416,"column":53}},"182":{"start":{"line":417,"column":20},"end":{"line":417,"column":37}},"183":{"start":{"line":418,"column":6},"end":{"line":418,"column":43}},"184":{"start":{"line":422,"column":2},"end":{"line":442,"column":3}}},"fnMap":{"0":{"name":"(anonymous_0)","decl":{"start":{"line":8,"column":21},"end":{"line":8,"column":22}},"loc":{"start":{"line":14,"column":6},"end":{"line":20,"column":1}},"line":14},"1":{"name":"(anonymous_1)","decl":{"start":{"line":15,"column":12},"end":{"line":15,"column":13}},"loc":{"start":{"line":15,"column":18},"end":{"line":17,"column":3}},"line":15},"2":{"name":"(anonymous_2)","decl":{"start":{"line":16,"column":11},"end":{"line":16,"column":12}},"loc":{"start":{"line":16,"column":17},"end":{"line":16,"column":34}},"line":16},"3":{"name":"(anonymous_3)","decl":{"start":{"line":22,"column":16},"end":{"line":22,"column":17}},"loc":{"start":{"line":22,"column":39},"end":{"line":443,"column":1}},"line":22},"4":{"name":"(anonymous_4)","decl":{"start":{"line":36,"column":12},"end":{"line":36,"column":13}},"loc":{"start":{"line":36,"column":18},"end":{"line":44,"column":3}},"line":36},"5":{"name":"(anonymous_5)","decl":{"start":{"line":51,"column":36},"end":{"line":51,"column":37}},"loc":{"start":{"line":51,"column":71},"end":{"line":57,"column":3}},"line":51},"6":{"name":"(anonymous_6)","decl":{"start":{"line":54,"column":11},"end":{"line":54,"column":12}},"loc":{"start":{"line":54,"column":17},"end":{"line":56,"column":5}},"line":54},"7":{"name":"(anonymous_7)","decl":{"start":{"line":64,"column":38},"end":{"line":64,"column":39}},"loc":{"start":{"line":64,"column":56},"end":{"line":67,"column":3}},"line":64},"8":{"name":"(anonymous_8)","decl":{"start":{"line":73,"column":36},"end":{"line":73,"column":37}},"loc":{"start":{"line":73,"column":58},"end":{"line":75,"column":3}},"line":73},"9":{"name":"(anonymous_9)","decl":{"start":{"line":83,"column":35},"end":{"line":83,"column":36}},"loc":{"start":{"line":83,"column":91},"end":{"line":91,"column":3}},"line":83},"10":{"name":"(anonymous_10)","decl":{"start":{"line":98,"column":35},"end":{"line":98,"column":36}},"loc":{"start":{"line":98,"column":67},"end":{"line":113,"column":3}},"line":98},"11":{"name":"(anonymous_11)","decl":{"start":{"line":107,"column":28},"end":{"line":107,"column":29}},"loc":{"start":{"line":107,"column":41},"end":{"line":109,"column":5}},"line":107},"12":{"name":"(anonymous_12)","decl":{"start":{"line":119,"column":32},"end":{"line":119,"column":33}},"loc":{"start":{"line":119,"column":102},"end":{"line":169,"column":3}},"line":119},"13":{"name":"(anonymous_13)","decl":{"start":{"line":125,"column":23},"end":{"line":125,"column":24}},"loc":{"start":{"line":125,"column":41},"end":{"line":132,"column":5}},"line":125},"14":{"name":"(anonymous_14)","decl":{"start":{"line":134,"column":23},"end":{"line":134,"column":24}},"loc":{"start":{"line":134,"column":44},"end":{"line":168,"column":5}},"line":134},"15":{"name":"(anonymous_15)","decl":{"start":{"line":138,"column":8},"end":{"line":138,"column":9}},"loc":{"start":{"line":138,"column":34},"end":{"line":166,"column":9}},"line":138},"16":{"name":"(anonymous_16)","decl":{"start":{"line":141,"column":41},"end":{"line":141,"column":42}},"loc":{"start":{"line":141,"column":49},"end":{"line":143,"column":13}},"line":141},"17":{"name":"(anonymous_17)","decl":{"start":{"line":148,"column":30},"end":{"line":148,"column":31}},"loc":{"start":{"line":148,"column":54},"end":{"line":151,"column":13}},"line":148},"18":{"name":"(anonymous_18)","decl":{"start":{"line":154,"column":41},"end":{"line":154,"column":42}},"loc":{"start":{"line":154,"column":49},"end":{"line":157,"column":13}},"line":154},"19":{"name":"(anonymous_19)","decl":{"start":{"line":175,"column":37},"end":{"line":175,"column":38}},"loc":{"start":{"line":175,"column":92},"end":{"line":184,"column":3}},"line":175},"20":{"name":"(anonymous_20)","decl":{"start":{"line":178,"column":35},"end":{"line":178,"column":36}},"loc":{"start":{"line":178,"column":53},"end":{"line":180,"column":7}},"line":178},"21":{"name":"(anonymous_21)","decl":{"start":{"line":191,"column":36},"end":{"line":191,"column":37}},"loc":{"start":{"line":191,"column":66},"end":{"line":195,"column":3}},"line":191},"22":{"name":"(anonymous_22)","decl":{"start":{"line":202,"column":40},"end":{"line":202,"column":41}},"loc":{"start":{"line":202,"column":93},"end":{"line":252,"column":3}},"line":202},"23":{"name":"(anonymous_23)","decl":{"start":{"line":212,"column":11},"end":{"line":212,"column":12}},"loc":{"start":{"line":212,"column":41},"end":{"line":251,"column":5}},"line":212},"24":{"name":"(anonymous_24)","decl":{"start":{"line":221,"column":19},"end":{"line":221,"column":20}},"loc":{"start":{"line":221,"column":39},"end":{"line":225,"column":9}},"line":221},"25":{"name":"(anonymous_25)","decl":{"start":{"line":229,"column":31},"end":{"line":229,"column":32}},"loc":{"start":{"line":229,"column":51},"end":{"line":233,"column":7}},"line":229},"26":{"name":"(anonymous_26)","decl":{"start":{"line":235,"column":22},"end":{"line":235,"column":23}},"loc":{"start":{"line":235,"column":36},"end":{"line":241,"column":7}},"line":235},"27":{"name":"(anonymous_27)","decl":{"start":{"line":246,"column":27},"end":{"line":246,"column":28}},"loc":{"start":{"line":246,"column":33},"end":{"line":246,"column":58}},"line":246},"28":{"name":"(anonymous_28)","decl":{"start":{"line":259,"column":34},"end":{"line":259,"column":35}},"loc":{"start":{"line":259,"column":62},"end":{"line":265,"column":3}},"line":259},"29":{"name":"(anonymous_29)","decl":{"start":{"line":271,"column":34},"end":{"line":271,"column":35}},"loc":{"start":{"line":271,"column":52},"end":{"line":273,"column":3}},"line":271},"30":{"name":"(anonymous_30)","decl":{"start":{"line":279,"column":37},"end":{"line":279,"column":38}},"loc":{"start":{"line":279,"column":55},"end":{"line":281,"column":3}},"line":279},"31":{"name":"(anonymous_31)","decl":{"start":{"line":286,"column":38},"end":{"line":286,"column":39}},"loc":{"start":{"line":286,"column":44},"end":{"line":290,"column":3}},"line":286},"32":{"name":"(anonymous_32)","decl":{"start":{"line":287,"column":51},"end":{"line":287,"column":52}},"loc":{"start":{"line":287,"column":69},"end":{"line":289,"column":5}},"line":287},"33":{"name":"(anonymous_33)","decl":{"start":{"line":295,"column":37},"end":{"line":295,"column":38}},"loc":{"start":{"line":295,"column":43},"end":{"line":302,"column":3}},"line":295},"34":{"name":"(anonymous_34)","decl":{"start":{"line":298,"column":18},"end":{"line":298,"column":19}},"loc":{"start":{"line":298,"column":26},"end":{"line":300,"column":5}},"line":298},"35":{"name":"(anonymous_35)","decl":{"start":{"line":308,"column":36},"end":{"line":308,"column":37}},"loc":{"start":{"line":308,"column":54},"end":{"line":314,"column":3}},"line":308},"36":{"name":"(anonymous_36)","decl":{"start":{"line":319,"column":44},"end":{"line":319,"column":45}},"loc":{"start":{"line":319,"column":50},"end":{"line":326,"column":3}},"line":319},"37":{"name":"(anonymous_37)","decl":{"start":{"line":321,"column":28},"end":{"line":321,"column":29}},"loc":{"start":{"line":321,"column":36},"end":{"line":323,"column":5}},"line":321},"38":{"name":"(anonymous_38)","decl":{"start":{"line":332,"column":43},"end":{"line":332,"column":44}},"loc":{"start":{"line":332,"column":61},"end":{"line":335,"column":3}},"line":332},"39":{"name":"(anonymous_39)","decl":{"start":{"line":340,"column":37},"end":{"line":340,"column":38}},"loc":{"start":{"line":340,"column":43},"end":{"line":347,"column":3}},"line":340},"40":{"name":"(anonymous_40)","decl":{"start":{"line":343,"column":18},"end":{"line":343,"column":19}},"loc":{"start":{"line":343,"column":26},"end":{"line":345,"column":5}},"line":343},"41":{"name":"(anonymous_41)","decl":{"start":{"line":353,"column":36},"end":{"line":353,"column":37}},"loc":{"start":{"line":353,"column":54},"end":{"line":357,"column":3}},"line":353},"42":{"name":"(anonymous_42)","decl":{"start":{"line":365,"column":36},"end":{"line":365,"column":37}},"loc":{"start":{"line":365,"column":66},"end":{"line":374,"column":3}},"line":365},"43":{"name":"(anonymous_43)","decl":{"start":{"line":380,"column":37},"end":{"line":380,"column":38}},"loc":{"start":{"line":380,"column":55},"end":{"line":393,"column":3}},"line":380},"44":{"name":"(anonymous_44)","decl":{"start":{"line":381,"column":28},"end":{"line":381,"column":29}},"loc":{"start":{"line":381,"column":36},"end":{"line":385,"column":5}},"line":381},"45":{"name":"(anonymous_45)","decl":{"start":{"line":398,"column":34},"end":{"line":398,"column":35}},"loc":{"start":{"line":398,"column":40},"end":{"line":408,"column":3}},"line":398},"46":{"name":"(anonymous_46)","decl":{"start":{"line":401,"column":28},"end":{"line":401,"column":29}},"loc":{"start":{"line":401,"column":46},"end":{"line":403,"column":5}},"line":401},"47":{"name":"(anonymous_47)","decl":{"start":{"line":413,"column":36},"end":{"line":413,"column":37}},"loc":{"start":{"line":413,"column":51},"end":{"line":420,"column":3}},"line":413},"48":{"name":"(anonymous_48)","decl":{"start":{"line":415,"column":32},"end":{"line":415,"column":33}},"loc":{"start":{"line":415,"column":50},"end":{"line":419,"column":5}},"line":415}},"branchMap":{"0":{"loc":{"start":{"line":23,"column":29},"end":{"line":23,"column":53}},"type":"binary-expr","locations":[{"start":{"line":23,"column":29},"end":{"line":23,"column":36}},{"start":{"line":23,"column":40},"end":{"line":23,"column":53}}],"line":23},"1":{"loc":{"start":{"line":37,"column":4},"end":{"line":43,"column":5}},"type":"if","locations":[{"start":{"line":37,"column":4},"end":{"line":43,"column":5}},{"start":{"line":37,"column":4},"end":{"line":43,"column":5}}],"line":37},"2":{"loc":{"start":{"line":42,"column":6},"end":{"line":42,"column":49}},"type":"binary-expr","locations":[{"start":{"line":42,"column":6},"end":{"line":42,"column":20}},{"start":{"line":42,"column":24},"end":{"line":42,"column":49}}],"line":42},"3":{"loc":{"start":{"line":74,"column":11},"end":{"line":74,"column":58}},"type":"cond-expr","locations":[{"start":{"line":74,"column":19},"end":{"line":74,"column":24}},{"start":{"line":74,"column":27},"end":{"line":74,"column":58}}],"line":74},"4":{"loc":{"start":{"line":84,"column":4},"end":{"line":90,"column":5}},"type":"if","locations":[{"start":{"line":84,"column":4},"end":{"line":90,"column":5}},{"start":{"line":84,"column":4},"end":{"line":90,"column":5}}],"line":84},"5":{"loc":{"start":{"line":85,"column":33},"end":{"line":85,"column":42}},"type":"binary-expr","locations":[{"start":{"line":85,"column":33},"end":{"line":85,"column":36}},{"start":{"line":85,"column":40},"end":{"line":85,"column":42}}],"line":85},"6":{"loc":{"start":{"line":86,"column":11},"end":{"line":90,"column":5}},"type":"if","locations":[{"start":{"line":86,"column":11},"end":{"line":90,"column":5}},{"start":{"line":86,"column":11},"end":{"line":90,"column":5}}],"line":86},"7":{"loc":{"start":{"line":87,"column":6},"end":{"line":87,"column":69}},"type":"if","locations":[{"start":{"line":87,"column":6},"end":{"line":87,"column":69}},{"start":{"line":87,"column":6},"end":{"line":87,"column":69}}],"line":87},"8":{"loc":{"start":{"line":100,"column":4},"end":{"line":103,"column":5}},"type":"if","locations":[{"start":{"line":100,"column":4},"end":{"line":103,"column":5}},{"start":{"line":100,"column":4},"end":{"line":103,"column":5}}],"line":100},"9":{"loc":{"start":{"line":101,"column":6},"end":{"line":101,"column":32}},"type":"if","locations":[{"start":{"line":101,"column":6},"end":{"line":101,"column":32}},{"start":{"line":101,"column":6},"end":{"line":101,"column":32}}],"line":101},"10":{"loc":{"start":{"line":111,"column":4},"end":{"line":111,"column":35}},"type":"if","locations":[{"start":{"line":111,"column":4},"end":{"line":111,"column":35}},{"start":{"line":111,"column":4},"end":{"line":111,"column":35}}],"line":111},"11":{"loc":{"start":{"line":121,"column":27},"end":{"line":121,"column":43}},"type":"cond-expr","locations":[{"start":{"line":121,"column":34},"end":{"line":121,"column":38}},{"start":{"line":121,"column":41},"end":{"line":121,"column":43}}],"line":121},"12":{"loc":{"start":{"line":123,"column":48},"end":{"line":123,"column":85}},"type":"cond-expr","locations":[{"start":{"line":123,"column":65},"end":{"line":123,"column":79}},{"start":{"line":123,"column":82},"end":{"line":123,"column":85}}],"line":123},"13":{"loc":{"start":{"line":126,"column":6},"end":{"line":126,"column":52}},"type":"if","locations":[{"start":{"line":126,"column":6},"end":{"line":126,"column":52}},{"start":{"line":126,"column":6},"end":{"line":126,"column":52}}],"line":126},"14":{"loc":{"start":{"line":128,"column":6},"end":{"line":131,"column":7}},"type":"if","locations":[{"start":{"line":128,"column":6},"end":{"line":131,"column":7}},{"start":{"line":128,"column":6},"end":{"line":131,"column":7}}],"line":128},"15":{"loc":{"start":{"line":130,"column":8},"end":{"line":130,"column":69}},"type":"if","locations":[{"start":{"line":130,"column":8},"end":{"line":130,"column":69}},{"start":{"line":130,"column":8},"end":{"line":130,"column":69}}],"line":130},"16":{"loc":{"start":{"line":139,"column":10},"end":{"line":165,"column":11}},"type":"if","locations":[{"start":{"line":139,"column":10},"end":{"line":165,"column":11}},{"start":{"line":139,"column":10},"end":{"line":165,"column":11}}],"line":139},"17":{"loc":{"start":{"line":149,"column":14},"end":{"line":150,"column":45}},"type":"if","locations":[{"start":{"line":149,"column":14},"end":{"line":150,"column":45}},{"start":{"line":149,"column":14},"end":{"line":150,"column":45}}],"line":149},"18":{"loc":{"start":{"line":155,"column":14},"end":{"line":156,"column":51}},"type":"if","locations":[{"start":{"line":155,"column":14},"end":{"line":156,"column":51}},{"start":{"line":155,"column":14},"end":{"line":156,"column":51}}],"line":155},"19":{"loc":{"start":{"line":177,"column":4},"end":{"line":181,"column":5}},"type":"if","locations":[{"start":{"line":177,"column":4},"end":{"line":181,"column":5}},{"start":{"line":177,"column":4},"end":{"line":181,"column":5}}],"line":177},"20":{"loc":{"start":{"line":183,"column":28},"end":{"line":183,"column":54}},"type":"cond-expr","locations":[{"start":{"line":183,"column":36},"end":{"line":183,"column":42}},{"start":{"line":183,"column":45},"end":{"line":183,"column":54}}],"line":183},"21":{"loc":{"start":{"line":202,"column":55},"end":{"line":202,"column":88}},"type":"default-arg","locations":[{"start":{"line":202,"column":73},"end":{"line":202,"column":88}}],"line":202},"22":{"loc":{"start":{"line":205,"column":6},"end":{"line":205,"column":26}},"type":"default-arg","locations":[{"start":{"line":205,"column":16},"end":{"line":205,"column":26}}],"line":205},"23":{"loc":{"start":{"line":206,"column":6},"end":{"line":206,"column":34}},"type":"default-arg","locations":[{"start":{"line":206,"column":24},"end":{"line":206,"column":34}}],"line":206},"24":{"loc":{"start":{"line":207,"column":6},"end":{"line":207,"column":29}},"type":"default-arg","locations":[{"start":{"line":207,"column":22},"end":{"line":207,"column":29}}],"line":207},"25":{"loc":{"start":{"line":219,"column":22},"end":{"line":219,"column":72}},"type":"cond-expr","locations":[{"start":{"line":219,"column":34},"end":{"line":219,"column":57}},{"start":{"line":219,"column":60},"end":{"line":219,"column":72}}],"line":219},"26":{"loc":{"start":{"line":220,"column":25},"end":{"line":220,"column":61}},"type":"cond-expr","locations":[{"start":{"line":220,"column":37},"end":{"line":220,"column":53}},{"start":{"line":220,"column":56},"end":{"line":220,"column":61}}],"line":220},"27":{"loc":{"start":{"line":222,"column":10},"end":{"line":222,"column":59}},"type":"binary-expr","locations":[{"start":{"line":222,"column":10},"end":{"line":222,"column":28}},{"start":{"line":222,"column":32},"end":{"line":222,"column":59}}],"line":222},"28":{"loc":{"start":{"line":223,"column":24},"end":{"line":223,"column":80}},"type":"cond-expr","locations":[{"start":{"line":223,"column":44},"end":{"line":223,"column":70}},{"start":{"line":223,"column":73},"end":{"line":223,"column":80}}],"line":223},"29":{"loc":{"start":{"line":230,"column":8},"end":{"line":230,"column":45}},"type":"binary-expr","locations":[{"start":{"line":230,"column":8},"end":{"line":230,"column":20}},{"start":{"line":230,"column":24},"end":{"line":230,"column":45}}],"line":230},"30":{"loc":{"start":{"line":231,"column":22},"end":{"line":231,"column":78}},"type":"cond-expr","locations":[{"start":{"line":231,"column":42},"end":{"line":231,"column":68}},{"start":{"line":231,"column":71},"end":{"line":231,"column":78}}],"line":231},"31":{"loc":{"start":{"line":236,"column":8},"end":{"line":238,"column":9}},"type":"if","locations":[{"start":{"line":236,"column":8},"end":{"line":238,"column":9}},{"start":{"line":236,"column":8},"end":{"line":238,"column":9}}],"line":236},"32":{"loc":{"start":{"line":236,"column":12},"end":{"line":236,"column":63}},"type":"binary-expr","locations":[{"start":{"line":236,"column":12},"end":{"line":236,"column":25}},{"start":{"line":236,"column":29},"end":{"line":236,"column":63}}],"line":236},"33":{"loc":{"start":{"line":260,"column":4},"end":{"line":264,"column":5}},"type":"if","locations":[{"start":{"line":260,"column":4},"end":{"line":264,"column":5}},{"start":{"line":260,"column":4},"end":{"line":264,"column":5}}],"line":260},"34":{"loc":{"start":{"line":310,"column":4},"end":{"line":310,"column":27}},"type":"if","locations":[{"start":{"line":310,"column":4},"end":{"line":310,"column":27}},{"start":{"line":310,"column":4},"end":{"line":310,"column":27}}],"line":310},"35":{"loc":{"start":{"line":313,"column":11},"end":{"line":313,"column":64}},"type":"cond-expr","locations":[{"start":{"line":313,"column":34},"end":{"line":313,"column":44}},{"start":{"line":313,"column":47},"end":{"line":313,"column":64}}],"line":313},"36":{"loc":{"start":{"line":355,"column":4},"end":{"line":355,"column":27}},"type":"if","locations":[{"start":{"line":355,"column":4},"end":{"line":355,"column":27}},{"start":{"line":355,"column":4},"end":{"line":355,"column":27}}],"line":355},"37":{"loc":{"start":{"line":366,"column":4},"end":{"line":368,"column":5}},"type":"if","locations":[{"start":{"line":366,"column":4},"end":{"line":368,"column":5}},{"start":{"line":366,"column":4},"end":{"line":368,"column":5}}],"line":366},"38":{"loc":{"start":{"line":373,"column":4},"end":{"line":373,"column":44}},"type":"binary-expr","locations":[{"start":{"line":373,"column":4},"end":{"line":373,"column":18}},{"start":{"line":373,"column":22},"end":{"line":373,"column":44}}],"line":373},"39":{"loc":{"start":{"line":382,"column":6},"end":{"line":384,"column":7}},"type":"if","locations":[{"start":{"line":382,"column":6},"end":{"line":384,"column":7}},{"start":{"line":382,"column":6},"end":{"line":384,"column":7}}],"line":382},"40":{"loc":{"start":{"line":382,"column":10},"end":{"line":382,"column":57}},"type":"binary-expr","locations":[{"start":{"line":382,"column":10},"end":{"line":382,"column":38}},{"start":{"line":382,"column":42},"end":{"line":382,"column":57}}],"line":382},"41":{"loc":{"start":{"line":392,"column":4},"end":{"line":392,"column":44}},"type":"binary-expr","locations":[{"start":{"line":392,"column":4},"end":{"line":392,"column":18}},{"start":{"line":392,"column":22},"end":{"line":392,"column":44}}],"line":392}},"s":{"0":1,"1":0,"2":0,"3":0,"4":0,"5":1,"6":24,"7":24,"8":24,"9":24,"10":24,"11":24,"12":24,"13":24,"14":13,"15":1,"16":1,"17":1,"18":1,"19":1,"20":24,"21":12,"22":12,"23":0,"24":24,"25":1,"26":1,"27":24,"28":106,"29":24,"30":12,"31":12,"32":0,"33":0,"34":0,"35":0,"36":0,"37":24,"38":105,"39":105,"40":98,"41":58,"42":40,"43":7,"44":7,"45":5,"46":7,"47":7,"48":0,"49":7,"50":24,"51":3,"52":3,"53":3,"54":3,"55":3,"56":3,"57":3,"58":3,"59":3,"60":3,"61":3,"62":0,"63":3,"64":3,"65":3,"66":1,"67":1,"68":1,"69":1,"70":1,"71":2,"72":2,"73":2,"74":2,"75":0,"76":2,"77":2,"78":2,"79":2,"80":0,"81":2,"82":2,"83":24,"84":3,"85":3,"86":0,"87":0,"88":3,"89":24,"90":0,"91":24,"92":0,"93":0,"94":0,"95":0,"96":0,"97":0,"98":0,"99":0,"100":0,"101":0,"102":0,"103":0,"104":0,"105":0,"106":0,"107":0,"108":0,"109":0,"110":0,"111":0,"112":0,"113":0,"114":24,"115":0,"116":0,"117":0,"118":24,"119":0,"120":24,"121":57,"122":24,"123":9,"124":4,"125":24,"126":28,"127":28,"128":28,"129":26,"130":28,"131":24,"132":42,"133":42,"134":1,"135":41,"136":41,"137":41,"138":24,"139":51,"140":51,"141":51,"142":51,"143":24,"144":51,"145":51,"146":24,"147":1,"148":1,"149":1,"150":0,"151":1,"152":24,"153":3,"154":3,"155":0,"156":3,"157":24,"158":4,"159":4,"160":4,"161":4,"162":4,"163":4,"164":24,"165":3,"166":3,"167":3,"168":3,"169":3,"170":3,"171":24,"172":1,"173":1,"174":1,"175":1,"176":1,"177":1,"178":24,"179":9,"180":9,"181":9,"182":9,"183":9,"184":24},"f":{"0":0,"1":0,"2":0,"3":24,"4":13,"5":12,"6":0,"7":1,"8":106,"9":12,"10":105,"11":5,"12":3,"13":3,"14":3,"15":3,"16":1,"17":2,"18":2,"19":3,"20":0,"21":0,"22":0,"23":0,"24":0,"25":0,"26":0,"27":0,"28":0,"29":0,"30":57,"31":9,"32":4,"33":28,"34":26,"35":42,"36":51,"37":51,"38":51,"39":1,"40":0,"41":3,"42":4,"43":3,"44":3,"45":1,"46":1,"47":9,"48":9},"b":{"0":[24,24],"1":[1,12],"2":[1,0],"3":[0,106],"4":[12,0],"5":[12,0],"6":[0,0],"7":[0,0],"8":[98,7],"9":[58,40],"10":[0,7],"11":[0,3],"12":[0,3],"13":[3,0],"14":[3,0],"15":[0,3],"16":[1,2],"17":[2,0],"18":[2,0],"19":[0,3],"20":[0,3],"21":[0],"22":[0],"23":[0],"24":[0],"25":[0,0],"26":[0,0],"27":[0,0],"28":[0,0],"29":[0,0],"30":[0,0],"31":[0,0],"32":[0,0],"33":[0,0],"34":[1,41],"35":[23,18],"36":[0,3],"37":[4,0],"38":[4,0],"39":[3,0],"40":[3,3],"41":[3,0]},"_coverageSchema":"43e27e138ebf9cfc5966b082cf9a028302ed4184","hash":"090125d3dd64d08710e5186d3e2126a9275a3ca3"}
,"/Users/alfred/Desktop/dvp/chaos-hooks/src/useForm/types.ts": {"path":"/Users/alfred/Desktop/dvp/chaos-hooks/src/useForm/types.ts","statementMap":{},"fnMap":{},"branchMap":{},"s":{},"f":{},"b":{},"hash":"46c4a59892cc7c71ca3d6da23cb4fe418e71ac5e"}
,"/Users/alfred/Desktop/dvp/chaos-hooks/src/useModal/index.ts": {"path":"/Users/alfred/Desktop/dvp/chaos-hooks/src/useModal/index.ts","statementMap":{"0":{"start":{"line":4,"column":17},"end":{"line":24,"column":1}},"1":{"start":{"line":5,"column":32},"end":{"line":5,"column":56}},"2":{"start":{"line":6,"column":38},"end":{"line":6,"column":57}},"3":{"start":{"line":8,"column":15},"end":{"line":11,"column":3}},"4":{"start":{"line":9,"column":4},"end":{"line":9,"column":38}},"5":{"start":{"line":9,"column":16},"end":{"line":9,"column":38}},"6":{"start":{"line":10,"column":4},"end":{"line":10,"column":21}},"7":{"start":{"line":13,"column":15},"end":{"line":16,"column":3}},"8":{"start":{"line":14,"column":4},"end":{"line":14,"column":22}},"9":{"start":{"line":15,"column":4},"end":{"line":15,"column":24}},"10":{"start":{"line":18,"column":2},"end":{"line":23,"column":3}}},"fnMap":{"0":{"name":"(anonymous_0)","decl":{"start":{"line":4,"column":17},"end":{"line":4,"column":18}},"loc":{"start":{"line":4,"column":30},"end":{"line":24,"column":1}},"line":4},"1":{"name":"(anonymous_1)","decl":{"start":{"line":8,"column":15},"end":{"line":8,"column":16}},"loc":{"start":{"line":8,"column":33},"end":{"line":11,"column":3}},"line":8},"2":{"name":"(anonymous_2)","decl":{"start":{"line":13,"column":15},"end":{"line":13,"column":16}},"loc":{"start":{"line":13,"column":21},"end":{"line":16,"column":3}},"line":13}},"branchMap":{"0":{"loc":{"start":{"line":9,"column":4},"end":{"line":9,"column":38}},"type":"if","locations":[{"start":{"line":9,"column":4},"end":{"line":9,"column":38}},{"start":{"line":9,"column":4},"end":{"line":9,"column":38}}],"line":9}},"s":{"0":0,"1":0,"2":0,"3":0,"4":0,"5":0,"6":0,"7":0,"8":0,"9":0,"10":0},"f":{"0":0,"1":0,"2":0},"b":{"0":[0,0]},"hash":"1bc01afa7afa6e4040deb8ff0ae785e4ddc8d3a1"}
,"/Users/alfred/Desktop/dvp/chaos-hooks/src/useModal/types.ts": {"path":"/Users/alfred/Desktop/dvp/chaos-hooks/src/useModal/types.ts","statementMap":{},"fnMap":{},"branchMap":{},"s":{},"f":{},"b":{},"hash":"9910cf3ccecde6b20f9fb5c9ba02c9076f16e5ac"}
,"/Users/alfred/Desktop/dvp/chaos-hooks/src/useTable/consts.ts": {"path":"/Users/alfred/Desktop/dvp/chaos-hooks/src/useTable/consts.ts","statementMap":{"0":{"start":{"line":1,"column":33},"end":{"line":4,"column":1}}},"fnMap":{},"branchMap":{},"s":{"0":0},"f":{},"b":{},"hash":"433a8b572c4b13d350c613937e4883125adfd043"}
,"/Users/alfred/Desktop/dvp/chaos-hooks/src/useTable/index.d.ts": {"path":"/Users/alfred/Desktop/dvp/chaos-hooks/src/useTable/index.d.ts","statementMap":{},"fnMap":{},"branchMap":{},"s":{},"f":{},"b":{},"hash":"36861b71c35574df77281d0396545198d2eb85b0"}
,"/Users/alfred/Desktop/dvp/chaos-hooks/src/useTable/index.ts": {"path":"/Users/alfred/Desktop/dvp/chaos-hooks/src/useTable/index.ts","statementMap":{"0":{"start":{"line":5,"column":17},"end":{"line":16,"column":1}},"1":{"start":{"line":9,"column":33},"end":{"line":9,"column":40}},"2":{"start":{"line":10,"column":16},"end":{"line":10,"column":46}},"3":{"start":{"line":13,"column":2},"end":{"line":13,"column":49}},"4":{"start":{"line":13,"column":26},"end":{"line":13,"column":49}},"5":{"start":{"line":15,"column":2},"end":{"line":15,"column":15}}},"fnMap":{"0":{"name":"(anonymous_0)","decl":{"start":{"line":5,"column":17},"end":{"line":5,"column":18}},"loc":{"start":{"line":8,"column":12},"end":{"line":16,"column":1}},"line":8}},"branchMap":{"0":{"loc":{"start":{"line":7,"column":2},"end":{"line":7,"column":34}},"type":"default-arg","locations":[{"start":{"line":7,"column":21},"end":{"line":7,"column":34}}],"line":7},"1":{"loc":{"start":{"line":13,"column":2},"end":{"line":13,"column":49}},"type":"if","locations":[{"start":{"line":13,"column":2},"end":{"line":13,"column":49}},{"start":{"line":13,"column":2},"end":{"line":13,"column":49}}],"line":13}},"s":{"0":0,"1":0,"2":0,"3":0,"4":0,"5":0},"f":{"0":0},"b":{"0":[0],"1":[0,0]},"hash":"c5bd7d1135531bcef63b97de761cdaadac62eda8"}
,"/Users/alfred/Desktop/dvp/chaos-hooks/src/useTable/types.ts": {"path":"/Users/alfred/Desktop/dvp/chaos-hooks/src/useTable/types.ts","statementMap":{},"fnMap":{},"branchMap":{},"s":{},"f":{},"b":{},"hash":"4544e70140a43ff391854974732b47029552101c"}
,"/Users/alfred/Desktop/dvp/chaos-hooks/src/useTable/uses/useBaseTable.ts": {"path":"/Users/alfred/Desktop/dvp/chaos-hooks/src/useTable/uses/useBaseTable.ts","statementMap":{"0":{"start":{"line":6,"column":25},"end":{"line":25,"column":1}},"1":{"start":{"line":10,"column":2},"end":{"line":24,"column":3}},"2":{"start":{"line":27,"column":34},"end":{"line":33,"column":1}},"3":{"start":{"line":28,"column":76},"end":{"line":28,"column":86}},"4":{"start":{"line":29,"column":2},"end":{"line":32,"column":4}},"5":{"start":{"line":35,"column":21},"end":{"line":100,"column":1}},"6":{"start":{"line":39,"column":65},"end":{"line":39,"column":72}},"7":{"start":{"line":40,"column":38},"end":{"line":40,"column":77}},"8":{"start":{"line":41,"column":38},"end":{"line":41,"column":62}},"9":{"start":{"line":42,"column":79},"end":{"line":54,"column":4}},"10":{"start":{"line":45,"column":19},"end":{"line":45,"column":46}},"11":{"start":{"line":46,"column":6},"end":{"line":46,"column":37}},"12":{"start":{"line":47,"column":25},"end":{"line":49,"column":17}},"13":{"start":{"line":50,"column":6},"end":{"line":50,"column":32}},"14":{"start":{"line":52,"column":6},"end":{"line":52,"column":18}},"15":{"start":{"line":56,"column":19},"end":{"line":83,"column":3}},"16":{"start":{"line":60,"column":34},"end":{"line":60,"column":44}},"17":{"start":{"line":61,"column":4},"end":{"line":73,"column":5}},"18":{"start":{"line":62,"column":6},"end":{"line":70,"column":7}},"19":{"start":{"line":63,"column":20},"end":{"line":67,"column":9}},"20":{"start":{"line":68,"column":8},"end":{"line":68,"column":27}},"21":{"start":{"line":69,"column":8},"end":{"line":69,"column":90}},"22":{"start":{"line":72,"column":6},"end":{"line":72,"column":13}},"23":{"start":{"line":75,"column":4},"end":{"line":82,"column":6}},"24":{"start":{"line":85,"column":49},"end":{"line":85,"column":55}},"25":{"start":{"line":87,"column":2},"end":{"line":99,"column":4}}},"fnMap":{"0":{"name":"(anonymous_0)","decl":{"start":{"line":6,"column":25},"end":{"line":6,"column":26}},"loc":{"start":{"line":9,"column":5},"end":{"line":25,"column":1}},"line":9},"1":{"name":"(anonymous_1)","decl":{"start":{"line":27,"column":34},"end":{"line":27,"column":35}},"loc":{"start":{"line":27,"column":75},"end":{"line":33,"column":1}},"line":27},"2":{"name":"(anonymous_2)","decl":{"start":{"line":35,"column":21},"end":{"line":35,"column":22}},"loc":{"start":{"line":38,"column":12},"end":{"line":100,"column":1}},"line":38},"3":{"name":"(anonymous_3)","decl":{"start":{"line":44,"column":15},"end":{"line":44,"column":16}},"loc":{"start":{"line":44,"column":30},"end":{"line":53,"column":5}},"line":44},"4":{"name":"(anonymous_4)","decl":{"start":{"line":56,"column":19},"end":{"line":56,"column":20}},"loc":{"start":{"line":59,"column":8},"end":{"line":83,"column":3}},"line":59}},"branchMap":{"0":{"loc":{"start":{"line":10,"column":9},"end":{"line":24,"column":3}},"type":"cond-expr","locations":[{"start":{"line":10,"column":31},"end":{"line":17,"column":3}},{"start":{"line":17,"column":6},"end":{"line":24,"column":3}}],"line":10},"1":{"loc":{"start":{"line":13,"column":16},"end":{"line":13,"column":77}},"type":"cond-expr","locations":[{"start":{"line":13,"column":29},"end":{"line":13,"column":48}},{"start":{"line":13,"column":51},"end":{"line":13,"column":77}}],"line":13},"2":{"loc":{"start":{"line":14,"column":14},"end":{"line":14,"column":24}},"type":"binary-expr","locations":[{"start":{"line":14,"column":14},"end":{"line":14,"column":18}},{"start":{"line":14,"column":22},"end":{"line":14,"column":24}}],"line":14},"3":{"loc":{"start":{"line":16,"column":10},"end":{"line":16,"column":20}},"type":"binary-expr","locations":[{"start":{"line":16,"column":10},"end":{"line":16,"column":14}},{"start":{"line":16,"column":18},"end":{"line":16,"column":20}}],"line":16},"4":{"loc":{"start":{"line":23,"column":10},"end":{"line":23,"column":25}},"type":"binary-expr","locations":[{"start":{"line":23,"column":10},"end":{"line":23,"column":19}},{"start":{"line":23,"column":23},"end":{"line":23,"column":25}}],"line":23},"5":{"loc":{"start":{"line":28,"column":10},"end":{"line":28,"column":21}},"type":"default-arg","locations":[{"start":{"line":28,"column":20},"end":{"line":28,"column":21}}],"line":28},"6":{"loc":{"start":{"line":28,"column":23},"end":{"line":28,"column":60}},"type":"default-arg","locations":[{"start":{"line":28,"column":34},"end":{"line":28,"column":60}}],"line":28},"7":{"loc":{"start":{"line":28,"column":62},"end":{"line":28,"column":71}},"type":"default-arg","locations":[{"start":{"line":28,"column":70},"end":{"line":28,"column":71}}],"line":28},"8":{"loc":{"start":{"line":29,"column":10},"end":{"line":29,"column":20}},"type":"binary-expr","locations":[{"start":{"line":29,"column":10},"end":{"line":29,"column":14}},{"start":{"line":29,"column":18},"end":{"line":29,"column":20}}],"line":29},"9":{"loc":{"start":{"line":31,"column":4},"end":{"line":31,"column":61}},"type":"cond-expr","locations":[{"start":{"line":31,"column":35},"end":{"line":31,"column":40}},{"start":{"line":31,"column":43},"end":{"line":31,"column":61}}],"line":31},"10":{"loc":{"start":{"line":37,"column":2},"end":{"line":37,"column":34}},"type":"default-arg","locations":[{"start":{"line":37,"column":21},"end":{"line":37,"column":34}}],"line":37},"11":{"loc":{"start":{"line":39,"column":32},"end":{"line":39,"column":60}},"type":"default-arg","locations":[{"start":{"line":39,"column":44},"end":{"line":39,"column":60}}],"line":39},"12":{"loc":{"start":{"line":47,"column":25},"end":{"line":49,"column":17}},"type":"cond-expr","locations":[{"start":{"line":48,"column":8},"end":{"line":48,"column":61}},{"start":{"line":49,"column":8},"end":{"line":49,"column":17}}],"line":47},"13":{"loc":{"start":{"line":61,"column":4},"end":{"line":73,"column":5}},"type":"if","locations":[{"start":{"line":61,"column":4},"end":{"line":73,"column":5}},{"start":{"line":61,"column":4},"end":{"line":73,"column":5}}],"line":61},"14":{"loc":{"start":{"line":62,"column":6},"end":{"line":70,"column":7}},"type":"if","locations":[{"start":{"line":62,"column":6},"end":{"line":70,"column":7}},{"start":{"line":62,"column":6},"end":{"line":70,"column":7}}],"line":62},"15":{"loc":{"start":{"line":62,"column":10},"end":{"line":62,"column":62}},"type":"binary-expr","locations":[{"start":{"line":62,"column":10},"end":{"line":62,"column":23}},{"start":{"line":62,"column":28},"end":{"line":62,"column":40}},{"start":{"line":62,"column":44},"end":{"line":62,"column":61}}],"line":62},"16":{"loc":{"start":{"line":69,"column":49},"end":{"line":69,"column":67}},"type":"binary-expr","locations":[{"start":{"line":69,"column":49},"end":{"line":69,"column":53}},{"start":{"line":69,"column":57},"end":{"line":69,"column":67}}],"line":69},"17":{"loc":{"start":{"line":78,"column":23},"end":{"line":81,"column":20}},"type":"cond-expr","locations":[{"start":{"line":78,"column":32},"end":{"line":81,"column":8}},{"start":{"line":81,"column":11},"end":{"line":81,"column":20}}],"line":78}},"s":{"0":0,"1":0,"2":0,"3":0,"4":0,"5":0,"6":0,"7":0,"8":0,"9":0,"10":0,"11":0,"12":0,"13":0,"14":0,"15":0,"16":0,"17":0,"18":0,"19":0,"20":0,"21":0,"22":0,"23":0,"24":0,"25":0},"f":{"0":0,"1":0,"2":0,"3":0,"4":0},"b":{"0":[0,0],"1":[0,0],"2":[0,0],"3":[0,0],"4":[0,0],"5":[0],"6":[0],"7":[0],"8":[0,0],"9":[0,0],"10":[0],"11":[0],"12":[0,0],"13":[0,0],"14":[0,0],"15":[0,0,0],"16":[0,0],"17":[0,0]},"hash":"5477b56f56f036dd1a9e1c394be65d5ccdaa9e01"}
,"/Users/alfred/Desktop/dvp/chaos-hooks/src/useTable/uses/useFetch.ts": {"path":"/Users/alfred/Desktop/dvp/chaos-hooks/src/useTable/uses/useFetch.ts","statementMap":{"0":{"start":{"line":6,"column":24},"end":{"line":83,"column":1}},"1":{"start":{"line":16,"column":6},"end":{"line":16,"column":13}},"2":{"start":{"line":18,"column":30},"end":{"line":20,"column":4}},"3":{"start":{"line":22,"column":35},"end":{"line":34,"column":21}},"4":{"start":{"line":23,"column":4},"end":{"line":33,"column":7}},"5":{"start":{"line":24,"column":6},"end":{"line":30,"column":7}},"6":{"start":{"line":25,"column":8},"end":{"line":25,"column":58}},"7":{"start":{"line":25,"column":30},"end":{"line":25,"column":58}},"8":{"start":{"line":27,"column":8},"end":{"line":27,"column":58}},"9":{"start":{"line":29,"column":8},"end":{"line":29,"column":52}},"10":{"start":{"line":29,"column":27},"end":{"line":29,"column":52}},"11":{"start":{"line":32,"column":6},"end":{"line":32,"column":50}},"12":{"start":{"line":32,"column":25},"end":{"line":32,"column":50}},"13":{"start":{"line":40,"column":17},"end":{"line":49,"column":3}},"14":{"start":{"line":41,"column":22},"end":{"line":45,"column":5}},"15":{"start":{"line":47,"column":4},"end":{"line":47,"column":25}},"16":{"start":{"line":48,"column":4},"end":{"line":48,"column":28}},"17":{"start":{"line":55,"column":19},"end":{"line":63,"column":3}},"18":{"start":{"line":56,"column":22},"end":{"line":59,"column":5}},"19":{"start":{"line":61,"column":4},"end":{"line":61,"column":25}},"20":{"start":{"line":62,"column":4},"end":{"line":62,"column":28}},"21":{"start":{"line":68,"column":16},"end":{"line":71,"column":3}},"22":{"start":{"line":69,"column":4},"end":{"line":69,"column":29}},"23":{"start":{"line":70,"column":4},"end":{"line":70,"column":25}},"24":{"start":{"line":73,"column":2},"end":{"line":82,"column":4}}},"fnMap":{"0":{"name":"(anonymous_0)","decl":{"start":{"line":6,"column":24},"end":{"line":6,"column":25}},"loc":{"start":{"line":9,"column":17},"end":{"line":83,"column":1}},"line":9},"1":{"name":"(anonymous_1)","decl":{"start":{"line":22,"column":44},"end":{"line":22,"column":45}},"loc":{"start":{"line":22,"column":64},"end":{"line":34,"column":3}},"line":22},"2":{"name":"(anonymous_2)","decl":{"start":{"line":23,"column":33},"end":{"line":23,"column":34}},"loc":{"start":{"line":23,"column":47},"end":{"line":31,"column":5}},"line":23},"3":{"name":"(anonymous_3)","decl":{"start":{"line":31,"column":13},"end":{"line":31,"column":14}},"loc":{"start":{"line":31,"column":20},"end":{"line":33,"column":5}},"line":31},"4":{"name":"(anonymous_4)","decl":{"start":{"line":40,"column":17},"end":{"line":40,"column":18}},"loc":{"start":{"line":40,"column":34},"end":{"line":49,"column":3}},"line":40},"5":{"name":"(anonymous_5)","decl":{"start":{"line":55,"column":19},"end":{"line":55,"column":20}},"loc":{"start":{"line":55,"column":36},"end":{"line":63,"column":3}},"line":55},"6":{"name":"(anonymous_6)","decl":{"start":{"line":68,"column":16},"end":{"line":68,"column":17}},"loc":{"start":{"line":68,"column":22},"end":{"line":71,"column":3}},"line":68}},"branchMap":{"0":{"loc":{"start":{"line":8,"column":2},"end":{"line":8,"column":34}},"type":"default-arg","locations":[{"start":{"line":8,"column":21},"end":{"line":8,"column":34}}],"line":8},"1":{"loc":{"start":{"line":14,"column":4},"end":{"line":14,"column":24}},"type":"default-arg","locations":[{"start":{"line":14,"column":20},"end":{"line":14,"column":24}}],"line":14},"2":{"loc":{"start":{"line":24,"column":6},"end":{"line":30,"column":7}},"type":"if","locations":[{"start":{"line":24,"column":6},"end":{"line":30,"column":7}},{"start":{"line":24,"column":6},"end":{"line":30,"column":7}}],"line":24},"3":{"loc":{"start":{"line":24,"column":10},"end":{"line":24,"column":28}},"type":"binary-expr","locations":[{"start":{"line":24,"column":10},"end":{"line":24,"column":13}},{"start":{"line":24,"column":17},"end":{"line":24,"column":28}}],"line":24},"4":{"loc":{"start":{"line":25,"column":8},"end":{"line":25,"column":58}},"type":"if","locations":[{"start":{"line":25,"column":8},"end":{"line":25,"column":58}},{"start":{"line":25,"column":8},"end":{"line":25,"column":58}}],"line":25},"5":{"loc":{"start":{"line":27,"column":15},"end":{"line":27,"column":57}},"type":"cond-expr","locations":[{"start":{"line":27,"column":27},"end":{"line":27,"column":46}},{"start":{"line":27,"column":49},"end":{"line":27,"column":57}}],"line":27},"6":{"loc":{"start":{"line":29,"column":8},"end":{"line":29,"column":52}},"type":"if","locations":[{"start":{"line":29,"column":8},"end":{"line":29,"column":52}},{"start":{"line":29,"column":8},"end":{"line":29,"column":52}}],"line":29},"7":{"loc":{"start":{"line":32,"column":6},"end":{"line":32,"column":50}},"type":"if","locations":[{"start":{"line":32,"column":6},"end":{"line":32,"column":50}},{"start":{"line":32,"column":6},"end":{"line":32,"column":50}}],"line":32}},"s":{"0":0,"1":0,"2":0,"3":0,"4":0,"5":0,"6":0,"7":0,"8":0,"9":0,"10":0,"11":0,"12":0,"13":0,"14":0,"15":0,"16":0,"17":0,"18":0,"19":0,"20":0,"21":0,"22":0,"23":0,"24":0},"f":{"0":0,"1":0,"2":0,"3":0,"4":0,"5":0,"6":0},"b":{"0":[0],"1":[0],"2":[0,0],"3":[0,0],"4":[0,0],"5":[0,0],"6":[0,0],"7":[0,0]},"hash":"e9da6fa528b86c3683eb00cc296532c690bac2a6"}
,"/Users/alfred/Desktop/dvp/chaos-hooks/src/useTable/uses/useRowSelection.ts": {"path":"/Users/alfred/Desktop/dvp/chaos-hooks/src/useTable/uses/useRowSelection.ts","statementMap":{"0":{"start":{"line":8,"column":24},"end":{"line":40,"column":1}},"1":{"start":{"line":9,"column":50},"end":{"line":9,"column":72}},"2":{"start":{"line":10,"column":28},"end":{"line":12,"column":3}},"3":{"start":{"line":11,"column":4},"end":{"line":11,"column":40}},"4":{"start":{"line":14,"column":2},"end":{"line":17,"column":3}},"5":{"start":{"line":19,"column":2},"end":{"line":21,"column":3}},"6":{"start":{"line":20,"column":4},"end":{"line":20,"column":27}},"7":{"start":{"line":23,"column":23},"end":{"line":23,"column":35}},"8":{"start":{"line":24,"column":2},"end":{"line":27,"column":4}},"9":{"start":{"line":25,"column":4},"end":{"line":25,"column":63}},"10":{"start":{"line":26,"column":4},"end":{"line":26,"column":33}},"11":{"start":{"line":29,"column":25},"end":{"line":29,"column":39}},"12":{"start":{"line":30,"column":2},"end":{"line":33,"column":4}},"13":{"start":{"line":31,"column":4},"end":{"line":31,"column":63}},"14":{"start":{"line":32,"column":4},"end":{"line":32,"column":35}},"15":{"start":{"line":35,"column":22},"end":{"line":35,"column":33}},"16":{"start":{"line":36,"column":2},"end":{"line":39,"column":4}},"17":{"start":{"line":37,"column":4},"end":{"line":37,"column":63}},"18":{"start":{"line":38,"column":4},"end":{"line":38,"column":25}}},"fnMap":{"0":{"name":"(anonymous_0)","decl":{"start":{"line":8,"column":24},"end":{"line":8,"column":25}},"loc":{"start":{"line":8,"column":42},"end":{"line":40,"column":1}},"line":8},"1":{"name":"(anonymous_1)","decl":{"start":{"line":10,"column":28},"end":{"line":10,"column":29}},"loc":{"start":{"line":10,"column":59},"end":{"line":12,"column":3}},"line":10},"2":{"name":"(anonymous_2)","decl":{"start":{"line":19,"column":31},"end":{"line":19,"column":32}},"loc":{"start":{"line":19,"column":37},"end":{"line":21,"column":3}},"line":19},"3":{"name":"(anonymous_3)","decl":{"start":{"line":24,"column":17},"end":{"line":24,"column":18}},"loc":{"start":{"line":24,"column":37},"end":{"line":27,"column":3}},"line":24},"4":{"name":"(anonymous_4)","decl":{"start":{"line":30,"column":19},"end":{"line":30,"column":20}},"loc":{"start":{"line":30,"column":39},"end":{"line":33,"column":3}},"line":30},"5":{"name":"(anonymous_5)","decl":{"start":{"line":36,"column":16},"end":{"line":36,"column":17}},"loc":{"start":{"line":36,"column":22},"end":{"line":39,"column":3}},"line":36}},"branchMap":{"0":{"loc":{"start":{"line":25,"column":4},"end":{"line":25,"column":62}},"type":"binary-expr","locations":[{"start":{"line":25,"column":4},"end":{"line":25,"column":30}},{"start":{"line":25,"column":34},"end":{"line":25,"column":62}}],"line":25},"1":{"loc":{"start":{"line":31,"column":4},"end":{"line":31,"column":62}},"type":"binary-expr","locations":[{"start":{"line":31,"column":4},"end":{"line":31,"column":30}},{"start":{"line":31,"column":34},"end":{"line":31,"column":62}}],"line":31},"2":{"loc":{"start":{"line":37,"column":4},"end":{"line":37,"column":62}},"type":"binary-expr","locations":[{"start":{"line":37,"column":4},"end":{"line":37,"column":30}},{"start":{"line":37,"column":34},"end":{"line":37,"column":62}}],"line":37}},"s":{"0":0,"1":0,"2":0,"3":0,"4":0,"5":0,"6":0,"7":0,"8":0,"9":0,"10":0,"11":0,"12":0,"13":0,"14":0,"15":0,"16":0,"17":0,"18":0},"f":{"0":0,"1":0,"2":0,"3":0,"4":0,"5":0},"b":{"0":[0,0],"1":[0,0],"2":[0,0]},"hash":"9a5f6ef4ff3f291298f7fbac0fff6aa1e84fbd58"}
}
