TN:
SF:/Users/alfred/Desktop/dvp/chaos-hooks/src/index.ts
FNF:0
FNH:0
LF:0
LH:0
BRF:0
BRH:0
end_of_record
TN:
SF:/Users/alfred/Desktop/dvp/chaos-hooks/src/logger.ts
FN:14,(anonymous_0)
FN:18,(anonymous_1)
FN:22,(anonymous_2)
FN:26,(anonymous_3)
FN:30,(anonymous_4)
FNF:5
FNH:0
FNDA:0,(anonymous_0)
FNDA:0,(anonymous_1)
FNDA:0,(anonymous_2)
FNDA:0,(anonymous_3)
FNDA:0,(anonymous_4)
DA:9,0
DA:14,0
DA:15,0
DA:18,0
DA:19,0
DA:22,0
DA:23,0
DA:26,0
DA:27,0
DA:30,0
DA:31,0
LF:11
LH:0
BRDA:23,0,0,0
BRDA:23,0,1,0
BRDA:27,1,0,0
BRDA:27,1,1,0
BRDA:31,2,0,0
BRDA:31,2,1,0
BRF:6
BRH:0
end_of_record
TN:
SF:/Users/alfred/Desktop/dvp/chaos-hooks/src/useFetch/index.ts
FN:4,(anonymous_0)
FN:12,(anonymous_1)
FN:14,(anonymous_2)
FNF:3
FNH:0
FNDA:0,(anonymous_0)
FNDA:0,(anonymous_1)
FNDA:0,(anonymous_2)
DA:4,0
DA:7,0
DA:9,0
DA:10,0
DA:12,0
DA:13,0
DA:14,0
DA:15,0
DA:16,0
DA:20,0
DA:22,0
LF:11
LH:0
BRDA:7,0,0,0
BRDA:7,0,1,0
BRDA:20,1,0,0
BRDA:20,1,1,0
BRF:4
BRH:0
end_of_record
TN:
SF:/Users/alfred/Desktop/dvp/chaos-hooks/src/useFetch/types.ts
FNF:0
FNH:0
LF:0
LH:0
BRF:0
BRH:0
end_of_record
TN:
SF:/Users/alfred/Desktop/dvp/chaos-hooks/src/useForm/index.tsx
FN:8,(anonymous_0)
FN:15,(anonymous_1)
FN:16,(anonymous_2)
FN:22,(anonymous_3)
FN:36,(anonymous_4)
FN:51,(anonymous_5)
FN:54,(anonymous_6)
FN:64,(anonymous_7)
FN:73,(anonymous_8)
FN:83,(anonymous_9)
FN:98,(anonymous_10)
FN:107,(anonymous_11)
FN:119,(anonymous_12)
FN:125,(anonymous_13)
FN:134,(anonymous_14)
FN:138,(anonymous_15)
FN:141,(anonymous_16)
FN:148,(anonymous_17)
FN:154,(anonymous_18)
FN:175,(anonymous_19)
FN:178,(anonymous_20)
FN:191,(anonymous_21)
FN:202,(anonymous_22)
FN:212,(anonymous_23)
FN:221,(anonymous_24)
FN:229,(anonymous_25)
FN:235,(anonymous_26)
FN:246,(anonymous_27)
FN:259,(anonymous_28)
FN:271,(anonymous_29)
FN:279,(anonymous_30)
FN:286,(anonymous_31)
FN:287,(anonymous_32)
FN:295,(anonymous_33)
FN:298,(anonymous_34)
FN:308,(anonymous_35)
FN:319,(anonymous_36)
FN:321,(anonymous_37)
FN:332,(anonymous_38)
FN:340,(anonymous_39)
FN:343,(anonymous_40)
FN:353,(anonymous_41)
FN:365,(anonymous_42)
FN:380,(anonymous_43)
FN:381,(anonymous_44)
FN:398,(anonymous_45)
FN:401,(anonymous_46)
FN:413,(anonymous_47)
FN:415,(anonymous_48)
FNF:49
FNH:34
FNDA:0,(anonymous_0)
FNDA:0,(anonymous_1)
FNDA:0,(anonymous_2)
FNDA:24,(anonymous_3)
FNDA:13,(anonymous_4)
FNDA:12,(anonymous_5)
FNDA:0,(anonymous_6)
FNDA:1,(anonymous_7)
FNDA:106,(anonymous_8)
FNDA:12,(anonymous_9)
FNDA:105,(anonymous_10)
FNDA:5,(anonymous_11)
FNDA:3,(anonymous_12)
FNDA:3,(anonymous_13)
FNDA:3,(anonymous_14)
FNDA:3,(anonymous_15)
FNDA:1,(anonymous_16)
FNDA:2,(anonymous_17)
FNDA:2,(anonymous_18)
FNDA:3,(anonymous_19)
FNDA:0,(anonymous_20)
FNDA:0,(anonymous_21)
FNDA:0,(anonymous_22)
FNDA:0,(anonymous_23)
FNDA:0,(anonymous_24)
FNDA:0,(anonymous_25)
FNDA:0,(anonymous_26)
FNDA:0,(anonymous_27)
FNDA:0,(anonymous_28)
FNDA:0,(anonymous_29)
FNDA:57,(anonymous_30)
FNDA:9,(anonymous_31)
FNDA:4,(anonymous_32)
FNDA:28,(anonymous_33)
FNDA:26,(anonymous_34)
FNDA:42,(anonymous_35)
FNDA:51,(anonymous_36)
FNDA:51,(anonymous_37)
FNDA:51,(anonymous_38)
FNDA:1,(anonymous_39)
FNDA:0,(anonymous_40)
FNDA:3,(anonymous_41)
FNDA:4,(anonymous_42)
FNDA:3,(anonymous_43)
FNDA:3,(anonymous_44)
FNDA:1,(anonymous_45)
FNDA:1,(anonymous_46)
FNDA:9,(anonymous_47)
FNDA:9,(anonymous_48)
DA:8,1
DA:15,0
DA:16,0
DA:19,0
DA:22,1
DA:23,24
DA:25,24
DA:26,24
DA:27,24
DA:28,24
DA:29,24
DA:30,24
DA:36,24
DA:37,13
DA:38,1
DA:39,1
DA:40,1
DA:41,1
DA:42,1
DA:51,24
DA:52,12
DA:54,12
DA:55,0
DA:64,24
DA:65,1
DA:66,1
DA:73,24
DA:74,106
DA:83,24
DA:84,12
DA:85,12
DA:86,0
DA:87,0
DA:88,0
DA:89,0
DA:98,24
DA:99,105
DA:100,105
DA:101,98
DA:102,40
DA:106,7
DA:107,7
DA:108,5
DA:110,7
DA:111,7
DA:112,7
DA:119,24
DA:120,3
DA:121,3
DA:122,3
DA:123,3
DA:125,3
DA:126,3
DA:127,3
DA:128,3
DA:129,3
DA:130,3
DA:134,3
DA:135,3
DA:139,3
DA:140,1
DA:141,1
DA:142,1
DA:144,1
DA:145,1
DA:147,2
DA:148,2
DA:149,2
DA:150,0
DA:153,2
DA:154,2
DA:155,2
DA:156,0
DA:159,2
DA:161,2
DA:175,24
DA:176,3
DA:177,3
DA:178,0
DA:179,0
DA:183,3
DA:191,24
DA:192,0
DA:202,24
DA:203,0
DA:210,0
DA:212,0
DA:213,0
DA:214,0
DA:215,0
DA:217,0
DA:222,0
DA:223,0
DA:224,0
DA:228,0
DA:229,0
DA:230,0
DA:231,0
DA:232,0
DA:235,0
DA:236,0
DA:237,0
DA:240,0
DA:242,0
DA:244,0
DA:246,0
DA:259,24
DA:260,0
DA:261,0
DA:263,0
DA:271,24
DA:272,0
DA:279,24
DA:280,57
DA:286,24
DA:287,9
DA:288,4
DA:295,24
DA:296,28
DA:297,28
DA:298,28
DA:299,26
DA:301,28
DA:308,24
DA:309,42
DA:310,42
DA:311,41
DA:312,41
DA:313,41
DA:319,24
DA:320,51
DA:321,51
DA:322,51
DA:325,51
DA:332,24
DA:333,51
DA:334,51
DA:340,24
DA:341,1
DA:342,1
DA:343,1
DA:344,0
DA:346,1
DA:353,24
DA:354,3
DA:355,3
DA:356,3
DA:365,24
DA:366,4
DA:367,4
DA:370,4
DA:371,4
DA:372,4
DA:373,4
DA:380,24
DA:381,3
DA:382,3
DA:383,3
DA:387,3
DA:391,3
DA:392,3
DA:398,24
DA:399,1
DA:401,1
DA:402,1
DA:405,1
DA:406,1
DA:407,1
DA:413,24
DA:414,9
DA:415,9
DA:416,9
DA:417,9
DA:418,9
DA:422,24
LF:175
LH:135
BRDA:23,0,0,24
BRDA:23,0,1,24
BRDA:37,1,0,1
BRDA:37,1,1,12
BRDA:42,2,0,1
BRDA:42,2,1,0
BRDA:74,3,0,0
BRDA:74,3,1,106
BRDA:84,4,0,12
BRDA:84,4,1,0
BRDA:85,5,0,12
BRDA:85,5,1,0
BRDA:86,6,0,0
BRDA:86,6,1,0
BRDA:87,7,0,0
BRDA:87,7,1,0
BRDA:100,8,0,98
BRDA:100,8,1,7
BRDA:101,9,0,58
BRDA:101,9,1,40
BRDA:111,10,0,0
BRDA:111,10,1,7
BRDA:121,11,0,0
BRDA:121,11,1,3
BRDA:123,12,0,0
BRDA:123,12,1,3
BRDA:126,13,0,3
BRDA:126,13,1,0
BRDA:128,14,0,3
BRDA:128,14,1,0
BRDA:130,15,0,0
BRDA:130,15,1,3
BRDA:139,16,0,1
BRDA:139,16,1,2
BRDA:149,17,0,2
BRDA:149,17,1,0
BRDA:155,18,0,2
BRDA:155,18,1,0
BRDA:177,19,0,0
BRDA:177,19,1,3
BRDA:183,20,0,0
BRDA:183,20,1,3
BRDA:202,21,0,0
BRDA:205,22,0,0
BRDA:206,23,0,0
BRDA:207,24,0,0
BRDA:219,25,0,0
BRDA:219,25,1,0
BRDA:220,26,0,0
BRDA:220,26,1,0
BRDA:222,27,0,0
BRDA:222,27,1,0
BRDA:223,28,0,0
BRDA:223,28,1,0
BRDA:230,29,0,0
BRDA:230,29,1,0
BRDA:231,30,0,0
BRDA:231,30,1,0
BRDA:236,31,0,0
BRDA:236,31,1,0
BRDA:236,32,0,0
BRDA:236,32,1,0
BRDA:260,33,0,0
BRDA:260,33,1,0
BRDA:310,34,0,1
BRDA:310,34,1,41
BRDA:313,35,0,23
BRDA:313,35,1,18
BRDA:355,36,0,0
BRDA:355,36,1,3
BRDA:366,37,0,4
BRDA:366,37,1,0
BRDA:373,38,0,4
BRDA:373,38,1,0
BRDA:382,39,0,3
BRDA:382,39,1,0
BRDA:382,40,0,3
BRDA:382,40,1,3
BRDA:392,41,0,3
BRDA:392,41,1,0
BRF:80
BRH:35
end_of_record
TN:
SF:/Users/alfred/Desktop/dvp/chaos-hooks/src/useForm/types.ts
FNF:0
FNH:0
LF:0
LH:0
BRF:0
BRH:0
end_of_record
TN:
SF:/Users/alfred/Desktop/dvp/chaos-hooks/src/useModal/index.ts
FN:4,(anonymous_0)
FN:8,(anonymous_1)
FN:13,(anonymous_2)
FNF:3
FNH:0
FNDA:0,(anonymous_0)
FNDA:0,(anonymous_1)
FNDA:0,(anonymous_2)
DA:4,0
DA:5,0
DA:6,0
DA:8,0
DA:9,0
DA:10,0
DA:13,0
DA:14,0
DA:15,0
DA:18,0
LF:10
LH:0
BRDA:9,0,0,0
BRDA:9,0,1,0
BRF:2
BRH:0
end_of_record
TN:
SF:/Users/alfred/Desktop/dvp/chaos-hooks/src/useModal/types.ts
FNF:0
FNH:0
LF:0
LH:0
BRF:0
BRH:0
end_of_record
TN:
SF:/Users/alfred/Desktop/dvp/chaos-hooks/src/useTable/consts.ts
FNF:0
FNH:0
DA:1,0
LF:1
LH:0
BRF:0
BRH:0
end_of_record
TN:
SF:/Users/alfred/Desktop/dvp/chaos-hooks/src/useTable/index.d.ts
FNF:0
FNH:0
LF:0
LH:0
BRF:0
BRH:0
end_of_record
TN:
SF:/Users/alfred/Desktop/dvp/chaos-hooks/src/useTable/index.ts
FN:5,(anonymous_0)
FNF:1
FNH:0
FNDA:0,(anonymous_0)
DA:5,0
DA:9,0
DA:10,0
DA:13,0
DA:15,0
LF:5
LH:0
BRDA:7,0,0,0
BRDA:13,1,0,0
BRDA:13,1,1,0
BRF:3
BRH:0
end_of_record
TN:
SF:/Users/alfred/Desktop/dvp/chaos-hooks/src/useTable/types.ts
FNF:0
FNH:0
LF:0
LH:0
BRF:0
BRH:0
end_of_record
TN:
SF:/Users/alfred/Desktop/dvp/chaos-hooks/src/useTable/uses/useBaseTable.ts
FN:6,(anonymous_0)
FN:27,(anonymous_1)
FN:35,(anonymous_2)
FN:44,(anonymous_3)
FN:56,(anonymous_4)
FNF:5
FNH:0
FNDA:0,(anonymous_0)
FNDA:0,(anonymous_1)
FNDA:0,(anonymous_2)
FNDA:0,(anonymous_3)
FNDA:0,(anonymous_4)
DA:6,0
DA:10,0
DA:27,0
DA:28,0
DA:29,0
DA:35,0
DA:39,0
DA:40,0
DA:41,0
DA:42,0
DA:45,0
DA:46,0
DA:47,0
DA:50,0
DA:52,0
DA:56,0
DA:60,0
DA:61,0
DA:62,0
DA:63,0
DA:68,0
DA:69,0
DA:72,0
DA:75,0
DA:85,0
DA:87,0
LF:26
LH:0
BRDA:10,0,0,0
BRDA:10,0,1,0
BRDA:13,1,0,0
BRDA:13,1,1,0
BRDA:14,2,0,0
BRDA:14,2,1,0
BRDA:16,3,0,0
BRDA:16,3,1,0
BRDA:23,4,0,0
BRDA:23,4,1,0
BRDA:28,5,0,0
BRDA:28,6,0,0
BRDA:28,7,0,0
BRDA:29,8,0,0
BRDA:29,8,1,0
BRDA:31,9,0,0
BRDA:31,9,1,0
BRDA:37,10,0,0
BRDA:39,11,0,0
BRDA:47,12,0,0
BRDA:47,12,1,0
BRDA:61,13,0,0
BRDA:61,13,1,0
BRDA:62,14,0,0
BRDA:62,14,1,0
BRDA:62,15,0,0
BRDA:62,15,1,0
BRDA:62,15,2,0
BRDA:69,16,0,0
BRDA:69,16,1,0
BRDA:78,17,0,0
BRDA:78,17,1,0
BRF:32
BRH:0
end_of_record
TN:
SF:/Users/alfred/Desktop/dvp/chaos-hooks/src/useTable/uses/useFetch.ts
FN:6,(anonymous_0)
FN:22,(anonymous_1)
FN:23,(anonymous_2)
FN:31,(anonymous_3)
FN:40,(anonymous_4)
FN:55,(anonymous_5)
FN:68,(anonymous_6)
FNF:7
FNH:0
FNDA:0,(anonymous_0)
FNDA:0,(anonymous_1)
FNDA:0,(anonymous_2)
FNDA:0,(anonymous_3)
FNDA:0,(anonymous_4)
FNDA:0,(anonymous_5)
FNDA:0,(anonymous_6)
DA:6,0
DA:16,0
DA:18,0
DA:22,0
DA:23,0
DA:24,0
DA:25,0
DA:27,0
DA:29,0
DA:32,0
DA:40,0
DA:41,0
DA:47,0
DA:48,0
DA:55,0
DA:56,0
DA:61,0
DA:62,0
DA:68,0
DA:69,0
DA:70,0
DA:73,0
LF:22
LH:0
BRDA:8,0,0,0
BRDA:14,1,0,0
BRDA:24,2,0,0
BRDA:24,2,1,0
BRDA:24,3,0,0
BRDA:24,3,1,0
BRDA:25,4,0,0
BRDA:25,4,1,0
BRDA:27,5,0,0
BRDA:27,5,1,0
BRDA:29,6,0,0
BRDA:29,6,1,0
BRDA:32,7,0,0
BRDA:32,7,1,0
BRF:14
BRH:0
end_of_record
TN:
SF:/Users/alfred/Desktop/dvp/chaos-hooks/src/useTable/uses/useRowSelection.ts
FN:8,(anonymous_0)
FN:10,(anonymous_1)
FN:19,(anonymous_2)
FN:24,(anonymous_3)
FN:30,(anonymous_4)
FN:36,(anonymous_5)
FNF:6
FNH:0
FNDA:0,(anonymous_0)
FNDA:0,(anonymous_1)
FNDA:0,(anonymous_2)
FNDA:0,(anonymous_3)
FNDA:0,(anonymous_4)
FNDA:0,(anonymous_5)
DA:8,0
DA:9,0
DA:10,0
DA:11,0
DA:14,0
DA:19,0
DA:20,0
DA:23,0
DA:24,0
DA:25,0
DA:26,0
DA:29,0
DA:30,0
DA:31,0
DA:32,0
DA:35,0
DA:36,0
DA:37,0
DA:38,0
LF:19
LH:0
BRDA:25,0,0,0
BRDA:25,0,1,0
BRDA:31,1,0,0
BRDA:31,1,1,0
BRDA:37,2,0,0
BRDA:37,2,1,0
BRF:6
BRH:0
end_of_record
